<?xml version="1.0" encoding="UTF-8" ?>
<testsuite tests="9" failures="0" name="cz.vse.java.prom20.adventura.HraTest" time="0.083" errors="0" skipped="0">
  <properties>
[...]
</properties>
  <testcase classname="cz.vse.java.prom20.adventura.HraTest" name="testNastaneKonec" time="0.077"/>
  <testcase classname="cz.vse.java.prom20.adventura.HraTest" name="testPreplnitelnost" time="0.003"/>
  <testcase classname="cz.vse.java.prom20.adventura.HraTest" name="testNeprenositelnost" time="0"/>
  <testcase classname="cz.vse.java.prom20.adventura.HraTest" name="testVlozVecDoMistnosti" time="0"/>
  <testcase classname="cz.vse.java.prom20.adventura.HraTest" name="testChytani" time="0"/>
  <testcase classname="cz.vse.java.prom20.adventura.HraTest" name="testSeberVec" time="0"/>
  <testcase classname="cz.vse.java.prom20.adventura.HraTest" name="testSouboj" time="0.001"/>
  <testcase classname="cz.vse.java.prom20.adventura.HraTest" name="testPrucodHrou" time="0.001"/>
  <testcase classname="cz.vse.java.prom20.adventura.HraTest" name="testJdeHraDohrát" time="0.001"/>
</testsuite>